[debug] [2025-05-22T22:20:32.686Z] ----------------------------------------------------------------------
[debug] [2025-05-22T22:20:32.691Z] Command:       /Users/teff/.nvm/versions/node/v22.16.0/bin/node /Users/teff/.nvm/versions/node/v22.16.0/bin/firebase init
[debug] [2025-05-22T22:20:32.691Z] CLI Version:   14.4.0
[debug] [2025-05-22T22:20:32.691Z] Platform:      darwin
[debug] [2025-05-22T22:20:32.692Z] Node Version:  v22.16.0
[debug] [2025-05-22T22:20:32.692Z] Time:          Fri May 23 2025 07:20:32 GMT+0900 (Japan Standard Time)
[debug] [2025-05-22T22:20:32.692Z] ----------------------------------------------------------------------
[debug] 
[debug] [2025-05-22T22:20:32.783Z] > command requires scopes: ["email","openid","https://www.googleapis.com/auth/cloudplatformprojects.readonly","https://www.googleapis.com/auth/firebase","https://www.googleapis.com/auth/cloud-platform"]
[debug] [2025-05-22T22:20:32.783Z] > authorizing via signed-in user (mclarenhondasennamp44@gmail.com)
[info] 
     ######## #### ########  ######## ########     ###     ######  ########
     ##        ##  ##     ## ##       ##     ##  ##   ##  ##       ##
     ######    ##  ########  ######   ########  #########  ######  ######
     ##        ##  ##    ##  ##       ##     ## ##     ##       ## ##
     ##       #### ##     ## ######## ########  ##     ##  ######  ########

You're about to initialize a Firebase project in this directory:

  /Users/teff/Documents/Projects/carconnect

Before we get started, keep in mind:

  * You are initializing within an existing Firebase project directory

[info] 
=== Project Setup
[info] 
[info] First, let's associate this project directory with a Firebase project.
[info] You can create multiple project aliases by running firebase use --add, 
[info] but for now we'll just set up a default project.
[info] 
[debug] [2025-05-22T22:20:36.144Z] Using project from CLI flag: allaboutcar
[debug] [2025-05-22T22:20:36.146Z] Checked if tokens are valid: true, expires at: 1747955866470
[debug] [2025-05-22T22:20:36.147Z] Checked if tokens are valid: true, expires at: 1747955866470
[debug] [2025-05-22T22:20:36.148Z] >>> [apiv2][query] GET https://firebase.googleapis.com/v1beta1/projects/allaboutcar [none]
[debug] [2025-05-22T22:20:36.566Z] <<< [apiv2][status] GET https://firebase.googleapis.com/v1beta1/projects/allaboutcar 200
[debug] [2025-05-22T22:20:36.567Z] <<< [apiv2][body] GET https://firebase.googleapis.com/v1beta1/projects/allaboutcar {"projectId":"allaboutcar","projectNumber":"882288257378","displayName":"allaboutcar","name":"projects/allaboutcar","resources":{"hostingSite":"allaboutcar"},"state":"ACTIVE","etag":"1_550bfb67-c166-48ba-b34d-6fbedb454bbb"}
[info] i  Using project allaboutcar (allaboutcar) 
[info] 
=== App Hosting Setup
[debug] [2025-05-22T22:20:36.574Z] Checked if tokens are valid: true, expires at: 1747955866470
[debug] [2025-05-22T22:20:36.574Z] Checked if tokens are valid: true, expires at: 1747955866470
[debug] [2025-05-22T22:20:36.575Z] >>> [apiv2][query] GET https://cloudbilling.googleapis.com/v1/projects/allaboutcar/billingInfo [none]
[debug] [2025-05-22T22:20:37.697Z] <<< [apiv2][status] GET https://cloudbilling.googleapis.com/v1/projects/allaboutcar/billingInfo 200
[debug] [2025-05-22T22:20:37.698Z] <<< [apiv2][body] GET https://cloudbilling.googleapis.com/v1/projects/allaboutcar/billingInfo {"name":"projects/allaboutcar/billingInfo","projectId":"allaboutcar","billingAccountName":"billingAccounts/017EA7-AADBFE-28A3EB","billingEnabled":true}
[debug] [2025-05-22T22:20:37.699Z] Checked if tokens are valid: true, expires at: 1747955866470
[debug] [2025-05-22T22:20:37.699Z] Checked if tokens are valid: true, expires at: 1747955866470
[debug] [2025-05-22T22:20:37.699Z] >>> [apiv2][query] GET https://serviceusage.googleapis.com/v1/projects/allaboutcar/services/firebaseapphosting.googleapis.com [none]
[debug] [2025-05-22T22:20:37.699Z] >>> [apiv2][(partial)header] GET https://serviceusage.googleapis.com/v1/projects/allaboutcar/services/firebaseapphosting.googleapis.com x-goog-quota-user=projects/allaboutcar
[debug] [2025-05-22T22:20:38.002Z] <<< [apiv2][status] GET https://serviceusage.googleapis.com/v1/projects/allaboutcar/services/firebaseapphosting.googleapis.com 200
[debug] [2025-05-22T22:20:38.002Z] <<< [apiv2][body] GET https://serviceusage.googleapis.com/v1/projects/allaboutcar/services/firebaseapphosting.googleapis.com [omitted]
[debug] [2025-05-22T22:20:38.003Z] Checked if tokens are valid: true, expires at: 1747955866470
[debug] [2025-05-22T22:20:38.003Z] Checked if tokens are valid: true, expires at: 1747955866470
[debug] [2025-05-22T22:20:38.003Z] Checked if tokens are valid: true, expires at: 1747955866470
[debug] [2025-05-22T22:20:38.003Z] Checked if tokens are valid: true, expires at: 1747955866470
[debug] [2025-05-22T22:20:38.003Z] Checked if tokens are valid: true, expires at: 1747955866470
[debug] [2025-05-22T22:20:38.003Z] Checked if tokens are valid: true, expires at: 1747955866470
[debug] [2025-05-22T22:20:38.003Z] Checked if tokens are valid: true, expires at: 1747955866470
[debug] [2025-05-22T22:20:38.003Z] Checked if tokens are valid: true, expires at: 1747955866470
[debug] [2025-05-22T22:20:38.003Z] Checked if tokens are valid: true, expires at: 1747955866470
[debug] [2025-05-22T22:20:38.003Z] Checked if tokens are valid: true, expires at: 1747955866470
[debug] [2025-05-22T22:20:38.004Z] Checked if tokens are valid: true, expires at: 1747955866470
[debug] [2025-05-22T22:20:38.004Z] Checked if tokens are valid: true, expires at: 1747955866470
[debug] [2025-05-22T22:20:38.004Z] >>> [apiv2][query] GET https://serviceusage.googleapis.com/v1/projects/allaboutcar/services/developerconnect.googleapis.com [none]
[debug] [2025-05-22T22:20:38.004Z] >>> [apiv2][(partial)header] GET https://serviceusage.googleapis.com/v1/projects/allaboutcar/services/developerconnect.googleapis.com x-goog-quota-user=projects/allaboutcar
[debug] [2025-05-22T22:20:38.005Z] >>> [apiv2][query] GET https://serviceusage.googleapis.com/v1/projects/allaboutcar/services/cloudbuild.googleapis.com [none]
[debug] [2025-05-22T22:20:38.005Z] >>> [apiv2][(partial)header] GET https://serviceusage.googleapis.com/v1/projects/allaboutcar/services/cloudbuild.googleapis.com x-goog-quota-user=projects/allaboutcar
[debug] [2025-05-22T22:20:38.007Z] >>> [apiv2][query] GET https://serviceusage.googleapis.com/v1/projects/allaboutcar/services/secretmanager.googleapis.com [none]
[debug] [2025-05-22T22:20:38.007Z] >>> [apiv2][(partial)header] GET https://serviceusage.googleapis.com/v1/projects/allaboutcar/services/secretmanager.googleapis.com x-goog-quota-user=projects/allaboutcar
[debug] [2025-05-22T22:20:38.009Z] >>> [apiv2][query] GET https://serviceusage.googleapis.com/v1/projects/allaboutcar/services/run.googleapis.com [none]
[debug] [2025-05-22T22:20:38.009Z] >>> [apiv2][(partial)header] GET https://serviceusage.googleapis.com/v1/projects/allaboutcar/services/run.googleapis.com x-goog-quota-user=projects/allaboutcar
[debug] [2025-05-22T22:20:38.011Z] >>> [apiv2][query] GET https://serviceusage.googleapis.com/v1/projects/allaboutcar/services/artifactregistry.googleapis.com [none]
[debug] [2025-05-22T22:20:38.011Z] >>> [apiv2][(partial)header] GET https://serviceusage.googleapis.com/v1/projects/allaboutcar/services/artifactregistry.googleapis.com x-goog-quota-user=projects/allaboutcar
[debug] [2025-05-22T22:20:38.012Z] >>> [apiv2][query] GET https://serviceusage.googleapis.com/v1/projects/allaboutcar/services/iam.googleapis.com [none]
[debug] [2025-05-22T22:20:38.012Z] >>> [apiv2][(partial)header] GET https://serviceusage.googleapis.com/v1/projects/allaboutcar/services/iam.googleapis.com x-goog-quota-user=projects/allaboutcar
[debug] [2025-05-22T22:20:38.271Z] <<< [apiv2][status] GET https://serviceusage.googleapis.com/v1/projects/allaboutcar/services/developerconnect.googleapis.com 200
[debug] [2025-05-22T22:20:38.271Z] <<< [apiv2][body] GET https://serviceusage.googleapis.com/v1/projects/allaboutcar/services/developerconnect.googleapis.com [omitted]
[debug] [2025-05-22T22:20:38.330Z] <<< [apiv2][status] GET https://serviceusage.googleapis.com/v1/projects/allaboutcar/services/iam.googleapis.com 200
[debug] [2025-05-22T22:20:38.331Z] <<< [apiv2][body] GET https://serviceusage.googleapis.com/v1/projects/allaboutcar/services/iam.googleapis.com [omitted]
[debug] [2025-05-22T22:20:38.331Z] <<< [apiv2][status] GET https://serviceusage.googleapis.com/v1/projects/allaboutcar/services/cloudbuild.googleapis.com 200
[debug] [2025-05-22T22:20:38.331Z] <<< [apiv2][body] GET https://serviceusage.googleapis.com/v1/projects/allaboutcar/services/cloudbuild.googleapis.com [omitted]
[debug] [2025-05-22T22:20:38.569Z] <<< [apiv2][status] GET https://serviceusage.googleapis.com/v1/projects/allaboutcar/services/artifactregistry.googleapis.com 200
[debug] [2025-05-22T22:20:38.570Z] <<< [apiv2][body] GET https://serviceusage.googleapis.com/v1/projects/allaboutcar/services/artifactregistry.googleapis.com [omitted]
[debug] [2025-05-22T22:20:38.984Z] <<< [apiv2][status] GET https://serviceusage.googleapis.com/v1/projects/allaboutcar/services/secretmanager.googleapis.com 200
[debug] [2025-05-22T22:20:38.984Z] <<< [apiv2][body] GET https://serviceusage.googleapis.com/v1/projects/allaboutcar/services/secretmanager.googleapis.com [omitted]
[debug] [2025-05-22T22:20:38.985Z] <<< [apiv2][status] GET https://serviceusage.googleapis.com/v1/projects/allaboutcar/services/run.googleapis.com 200
[debug] [2025-05-22T22:20:38.985Z] <<< [apiv2][body] GET https://serviceusage.googleapis.com/v1/projects/allaboutcar/services/run.googleapis.com [omitted]
[debug] [2025-05-22T22:20:38.987Z] Checked if tokens are valid: true, expires at: 1747955866470
[debug] [2025-05-22T22:20:38.987Z] Checked if tokens are valid: true, expires at: 1747955866470
[debug] [2025-05-22T22:20:38.987Z] >>> [apiv2][query] POST https://iam.googleapis.com/v1/projects/allaboutcar/serviceAccounts/firebase-app-hosting-compute@allaboutcar.iam.gserviceaccount.com:testIamPermissions [none]
[debug] [2025-05-22T22:20:38.987Z] >>> [apiv2][(partial)header] POST https://iam.googleapis.com/v1/projects/allaboutcar/serviceAccounts/firebase-app-hosting-compute@allaboutcar.iam.gserviceaccount.com:testIamPermissions x-goog-quota-user=projects/allaboutcar
[debug] [2025-05-22T22:20:38.987Z] >>> [apiv2][body] POST https://iam.googleapis.com/v1/projects/allaboutcar/serviceAccounts/firebase-app-hosting-compute@allaboutcar.iam.gserviceaccount.com:testIamPermissions {"permissions":["iam.serviceAccounts.actAs"]}
[debug] [2025-05-22T22:20:39.916Z] <<< [apiv2][status] POST https://iam.googleapis.com/v1/projects/allaboutcar/serviceAccounts/firebase-app-hosting-compute@allaboutcar.iam.gserviceaccount.com:testIamPermissions 200
[debug] [2025-05-22T22:20:39.916Z] <<< [apiv2][body] POST https://iam.googleapis.com/v1/projects/allaboutcar/serviceAccounts/firebase-app-hosting-compute@allaboutcar.iam.gserviceaccount.com:testIamPermissions {"permissions":["iam.serviceAccounts.actAs"]}
[debug] [2025-05-22T22:20:39.917Z] Checked if tokens are valid: true, expires at: 1747955866470
[debug] [2025-05-22T22:20:39.917Z] Checked if tokens are valid: true, expires at: 1747955866470
[debug] [2025-05-22T22:20:39.917Z] >>> [apiv2][query] POST https://cloudresourcemanager.googleapis.com/v1/projects/allaboutcar:getIamPolicy [none]
[debug] [2025-05-22T22:20:40.647Z] <<< [apiv2][status] POST https://cloudresourcemanager.googleapis.com/v1/projects/allaboutcar:getIamPolicy 200
[debug] [2025-05-22T22:20:40.647Z] <<< [apiv2][body] POST https://cloudresourcemanager.googleapis.com/v1/projects/allaboutcar:getIamPolicy {"version":1,"etag":"BwY1wNxf+bw=","bindings":[{"role":"roles/cloudbuild.builds.builder","members":["serviceAccount:882288257378@cloudbuild.gserviceaccount.com"]},{"role":"roles/cloudbuild.serviceAgent","members":["serviceAccount:service-882288257378@gcp-sa-cloudbuild.iam.gserviceaccount.com"]},{"role":"roles/containerregistry.ServiceAgent","members":["serviceAccount:service-882288257378@containerregistry.iam.gserviceaccount.com"]},{"role":"roles/developerconnect.readTokenAccessor","members":["serviceAccount:firebase-app-hosting-compute@allaboutcar.iam.gserviceaccount.com"]},{"role":"roles/editor","members":["serviceAccount:882288257378-compute@developer.gserviceaccount.com"]},{"role":"roles/firebase.managementServiceAgent","members":["serviceAccount:service-882288257378@gcp-sa-firebase.iam.gserviceaccount.com"]},{"role":"roles/firebase.sdkAdminServiceAgent","members":["serviceAccount:firebase-adminsdk-fbsvc@allaboutcar.iam.gserviceaccount.com","serviceAccount:firebase-app-hosting-compute@allaboutcar.iam.gserviceaccount.com"]},{"role":"roles/firebaseapphosting.computeRunner","members":["serviceAccount:firebase-app-hosting-compute@allaboutcar.iam.gserviceaccount.com"]},{"role":"roles/iam.serviceAccountTokenCreator","members":["serviceAccount:firebase-adminsdk-fbsvc@allaboutcar.iam.gserviceaccount.com"]},{"role":"roles/owner","members":["user:MclarenHondASennaMp44@gmail.com"]},{"role":"roles/run.serviceAgent","members":["serviceAccount:service-882288257378@serverless-robot-prod.iam.gserviceaccount.com"]},{"role":"roles/storage.objectViewer","members":["serviceAccount:firebase-app-hosting-compute@allaboutcar.iam.gserviceaccount.com"]}]}
[info] i  This command links your local project to Firebase App Hosting. You will be able to deploy your web app with `firebase deploy` after setup. 
[info] i  === Set up your backend 
[debug] [2025-05-22T22:21:03.357Z] Checked if tokens are valid: true, expires at: 1747955866470
[debug] [2025-05-22T22:21:03.357Z] Checked if tokens are valid: true, expires at: 1747955866470
[debug] [2025-05-22T22:21:03.358Z] >>> [apiv2][query] GET https://firebaseapphosting.googleapis.com/v1beta/projects/allaboutcar/locations 
[debug] [2025-05-22T22:21:04.382Z] <<< [apiv2][status] GET https://firebaseapphosting.googleapis.com/v1beta/projects/allaboutcar/locations 200
[debug] [2025-05-22T22:21:04.382Z] <<< [apiv2][body] GET https://firebaseapphosting.googleapis.com/v1beta/projects/allaboutcar/locations {"locations":[{"name":"projects/allaboutcar/locations/asia-east1","locationId":"asia-east1","displayName":"Taiwan"},{"name":"projects/allaboutcar/locations/europe-west4","locationId":"europe-west4","displayName":"Netherlands"},{"name":"projects/allaboutcar/locations/us-central1","locationId":"us-central1","displayName":"Iowa"}]}
[info] ✔  Location set to asia-east1.
 
[debug] [2025-05-22T22:21:36.682Z] Checked if tokens are valid: true, expires at: 1747955866470
[debug] [2025-05-22T22:21:36.682Z] Checked if tokens are valid: true, expires at: 1747955866470
[debug] [2025-05-22T22:21:36.682Z] >>> [apiv2][query] GET https://firebaseapphosting.googleapis.com/v1beta/projects/allaboutcar/locations/asia-east1/backends/allaboutcar-app [none]
[debug] [2025-05-22T22:21:37.149Z] <<< [apiv2][status] GET https://firebaseapphosting.googleapis.com/v1beta/projects/allaboutcar/locations/asia-east1/backends/allaboutcar-app 404
[debug] [2025-05-22T22:21:37.149Z] <<< [apiv2][body] GET https://firebaseapphosting.googleapis.com/v1beta/projects/allaboutcar/locations/asia-east1/backends/allaboutcar-app {"error":{"code":404,"message":"Resource 'projects/allaboutcar/locations/asia-east1/backends/allaboutcar-app' was not found","status":"NOT_FOUND","details":[{"@type":"type.googleapis.com/google.rpc.ResourceInfo","resourceName":"projects/allaboutcar/locations/asia-east1/backends/allaboutcar-app"}]}}
[info] ✔  Name set to allaboutcar-app
 
[debug] [2025-05-22T22:21:37.151Z] Checked if tokens are valid: true, expires at: 1747955866470
[debug] [2025-05-22T22:21:37.151Z] Checked if tokens are valid: true, expires at: 1747955866470
[debug] [2025-05-22T22:21:37.152Z] >>> [apiv2][query] GET https://firebase.googleapis.com/v1beta1/projects/allaboutcar/webApps pageSize=100
[debug] [2025-05-22T22:21:37.598Z] <<< [apiv2][status] GET https://firebase.googleapis.com/v1beta1/projects/allaboutcar/webApps 200
[debug] [2025-05-22T22:21:37.599Z] <<< [apiv2][body] GET https://firebase.googleapis.com/v1beta1/projects/allaboutcar/webApps {}
[debug] [2025-05-22T22:21:37.599Z] Checked if tokens are valid: true, expires at: 1747955866470
[debug] [2025-05-22T22:21:37.599Z] Checked if tokens are valid: true, expires at: 1747955866470
[debug] [2025-05-22T22:21:37.599Z] >>> [apiv2][query] GET https://firebase.googleapis.com/v1beta1/projects/allaboutcar/webApps pageSize=100
[debug] [2025-05-22T22:21:38.070Z] <<< [apiv2][status] GET https://firebase.googleapis.com/v1beta1/projects/allaboutcar/webApps 200
[debug] [2025-05-22T22:21:38.071Z] <<< [apiv2][body] GET https://firebase.googleapis.com/v1beta1/projects/allaboutcar/webApps {}
[debug] [2025-05-22T22:21:38.072Z] Checked if tokens are valid: true, expires at: 1747955866470
[debug] [2025-05-22T22:21:38.072Z] Checked if tokens are valid: true, expires at: 1747955866470
[debug] [2025-05-22T22:21:38.072Z] >>> [apiv2][query] POST https://firebase.googleapis.com/v1beta1/projects/allaboutcar/webApps [none]
[debug] [2025-05-22T22:21:38.072Z] >>> [apiv2][body] POST https://firebase.googleapis.com/v1beta1/projects/allaboutcar/webApps {"displayName":"allaboutcar-app"}
[debug] [2025-05-22T22:21:40.194Z] <<< [apiv2][status] POST https://firebase.googleapis.com/v1beta1/projects/allaboutcar/webApps 200
[debug] [2025-05-22T22:21:40.195Z] <<< [apiv2][body] POST https://firebase.googleapis.com/v1beta1/projects/allaboutcar/webApps {"name":"operations/workflows/ZjA3MWE4NzMtYWZkOS00NjYyLWE2NTMtOTZkOGQzZWRiNGVl"}
[debug] [2025-05-22T22:21:40.196Z] Checked if tokens are valid: true, expires at: 1747955866470
[debug] [2025-05-22T22:21:40.197Z] Checked if tokens are valid: true, expires at: 1747955866470
[debug] [2025-05-22T22:21:40.197Z] >>> [apiv2][query] GET https://firebase.googleapis.com/v1beta1/operations/workflows/ZjA3MWE4NzMtYWZkOS00NjYyLWE2NTMtOTZkOGQzZWRiNGVl [none]
[debug] [2025-05-22T22:21:40.628Z] <<< [apiv2][status] GET https://firebase.googleapis.com/v1beta1/operations/workflows/ZjA3MWE4NzMtYWZkOS00NjYyLWE2NTMtOTZkOGQzZWRiNGVl 200
[debug] [2025-05-22T22:21:40.629Z] <<< [apiv2][body] GET https://firebase.googleapis.com/v1beta1/operations/workflows/ZjA3MWE4NzMtYWZkOS00NjYyLWE2NTMtOTZkOGQzZWRiNGVl {"name":"operations/workflows/ZjA3MWE4NzMtYWZkOS00NjYyLWE2NTMtOTZkOGQzZWRiNGVl"}
[debug] [2025-05-22T22:21:41.131Z] [Create Web app Poller] Retrying task index 0
[debug] [2025-05-22T22:21:41.132Z] Checked if tokens are valid: true, expires at: 1747955866470
[debug] [2025-05-22T22:21:41.132Z] Checked if tokens are valid: true, expires at: 1747955866470
[debug] [2025-05-22T22:21:41.132Z] >>> [apiv2][query] GET https://firebase.googleapis.com/v1beta1/operations/workflows/ZjA3MWE4NzMtYWZkOS00NjYyLWE2NTMtOTZkOGQzZWRiNGVl [none]
[debug] [2025-05-22T22:21:41.654Z] <<< [apiv2][status] GET https://firebase.googleapis.com/v1beta1/operations/workflows/ZjA3MWE4NzMtYWZkOS00NjYyLWE2NTMtOTZkOGQzZWRiNGVl 200
[debug] [2025-05-22T22:21:41.654Z] <<< [apiv2][body] GET https://firebase.googleapis.com/v1beta1/operations/workflows/ZjA3MWE4NzMtYWZkOS00NjYyLWE2NTMtOTZkOGQzZWRiNGVl {"name":"operations/workflows/ZjA3MWE4NzMtYWZkOS00NjYyLWE2NTMtOTZkOGQzZWRiNGVl"}
[debug] [2025-05-22T22:21:42.655Z] [Create Web app Poller] Retrying task index 0
[debug] [2025-05-22T22:21:42.656Z] Checked if tokens are valid: true, expires at: 1747955866470
[debug] [2025-05-22T22:21:42.656Z] Checked if tokens are valid: true, expires at: 1747955866470
[debug] [2025-05-22T22:21:42.656Z] >>> [apiv2][query] GET https://firebase.googleapis.com/v1beta1/operations/workflows/ZjA3MWE4NzMtYWZkOS00NjYyLWE2NTMtOTZkOGQzZWRiNGVl [none]
[debug] [2025-05-22T22:21:43.056Z] <<< [apiv2][status] GET https://firebase.googleapis.com/v1beta1/operations/workflows/ZjA3MWE4NzMtYWZkOS00NjYyLWE2NTMtOTZkOGQzZWRiNGVl 200
[debug] [2025-05-22T22:21:43.057Z] <<< [apiv2][body] GET https://firebase.googleapis.com/v1beta1/operations/workflows/ZjA3MWE4NzMtYWZkOS00NjYyLWE2NTMtOTZkOGQzZWRiNGVl {"name":"operations/workflows/ZjA3MWE4NzMtYWZkOS00NjYyLWE2NTMtOTZkOGQzZWRiNGVl","done":true,"response":{"@type":"type.googleapis.com/google.firebase.service.v1beta1.WebApp","name":"projects/allaboutcar/webApps/1:882288257378:web:a4d2c4ac70085feb83643b","appId":"1:882288257378:web:a4d2c4ac70085feb83643b","displayName":"allaboutcar-app","projectId":"allaboutcar","webId":"OWU1ZWQ0M2YtYzU3NS00NDA0LWEwMDktMTI1ZGUxMGE0ZWUy","apiKeyId":"2eb9ced4-03e1-47bf-8869-6d6f8473255d","state":"ACTIVE","expireTime":"1970-01-01T00:00:00Z","etag":"1_3ea4d01e-4388-4c0f-8ed8-e71ab0befab3"}}
[info] ✔  Created a new Firebase web app named "allaboutcar-app" 
[debug] [2025-05-22T22:21:43.063Z] Checked if tokens are valid: true, expires at: 1747955866470
[debug] [2025-05-22T22:21:43.063Z] Checked if tokens are valid: true, expires at: 1747955866470
[debug] [2025-05-22T22:21:43.064Z] >>> [apiv2][query] POST https://firebaseapphosting.googleapis.com/v1beta/projects/allaboutcar/locations/asia-east1/backends backendId=allaboutcar-app
[debug] [2025-05-22T22:21:43.064Z] >>> [apiv2][body] POST https://firebaseapphosting.googleapis.com/v1beta/projects/allaboutcar/locations/asia-east1/backends {"servingLocality":"GLOBAL_ACCESS","labels":{"deployment-tool":"cli-firebase"},"serviceAccount":"firebase-app-hosting-compute@allaboutcar.iam.gserviceaccount.com","appId":"1:882288257378:web:a4d2c4ac70085feb83643b"}
[debug] [2025-05-22T22:21:45.181Z] <<< [apiv2][status] POST https://firebaseapphosting.googleapis.com/v1beta/projects/allaboutcar/locations/asia-east1/backends 200
[debug] [2025-05-22T22:21:45.182Z] <<< [apiv2][body] POST https://firebaseapphosting.googleapis.com/v1beta/projects/allaboutcar/locations/asia-east1/backends {"name":"projects/allaboutcar/locations/asia-east1/operations/operation-1747952503456-635c0e80d823c-41a454b9-9767f503","metadata":{"@type":"type.googleapis.com/google.firebase.apphosting.v1beta.OperationMetadata","createTime":"2025-05-22T22:21:45.180446162Z","target":"projects/allaboutcar/locations/asia-east1/backends/allaboutcar-app","verb":"create","requestedCancellation":false,"apiVersion":"v1beta"},"done":false}
[debug] [2025-05-22T22:21:45.182Z] Checked if tokens are valid: true, expires at: 1747955866470
[debug] [2025-05-22T22:21:45.182Z] Checked if tokens are valid: true, expires at: 1747955866470
[debug] [2025-05-22T22:21:45.182Z] >>> [apiv2][query] GET https://firebaseapphosting.googleapis.com/v1beta/projects/allaboutcar/locations/asia-east1/operations/operation-1747952503456-635c0e80d823c-41a454b9-9767f503 [none]
[debug] [2025-05-22T22:21:45.268Z] <<< [apiv2][status] GET https://firebaseapphosting.googleapis.com/v1beta/projects/allaboutcar/locations/asia-east1/operations/operation-1747952503456-635c0e80d823c-41a454b9-9767f503 200
[debug] [2025-05-22T22:21:45.269Z] <<< [apiv2][body] GET https://firebaseapphosting.googleapis.com/v1beta/projects/allaboutcar/locations/asia-east1/operations/operation-1747952503456-635c0e80d823c-41a454b9-9767f503 {"name":"projects/allaboutcar/locations/asia-east1/operations/operation-1747952503456-635c0e80d823c-41a454b9-9767f503","metadata":{"@type":"type.googleapis.com/google.firebase.apphosting.v1beta.OperationMetadata","createTime":"2025-05-22T22:21:45.180446162Z","target":"projects/allaboutcar/locations/asia-east1/backends/allaboutcar-app","verb":"create","requestedCancellation":false,"apiVersion":"v1beta"},"done":false}
[debug] [2025-05-22T22:21:45.770Z] [create-allaboutcar-asia-east1-allaboutcar-app] Retrying task index 0
[debug] [2025-05-22T22:21:45.771Z] Checked if tokens are valid: true, expires at: 1747955866470
[debug] [2025-05-22T22:21:45.771Z] Checked if tokens are valid: true, expires at: 1747955866470
[debug] [2025-05-22T22:21:45.771Z] >>> [apiv2][query] GET https://firebaseapphosting.googleapis.com/v1beta/projects/allaboutcar/locations/asia-east1/operations/operation-1747952503456-635c0e80d823c-41a454b9-9767f503 [none]
[debug] [2025-05-22T22:21:45.889Z] <<< [apiv2][status] GET https://firebaseapphosting.googleapis.com/v1beta/projects/allaboutcar/locations/asia-east1/operations/operation-1747952503456-635c0e80d823c-41a454b9-9767f503 200
[debug] [2025-05-22T22:21:45.889Z] <<< [apiv2][body] GET https://firebaseapphosting.googleapis.com/v1beta/projects/allaboutcar/locations/asia-east1/operations/operation-1747952503456-635c0e80d823c-41a454b9-9767f503 {"name":"projects/allaboutcar/locations/asia-east1/operations/operation-1747952503456-635c0e80d823c-41a454b9-9767f503","metadata":{"@type":"type.googleapis.com/google.firebase.apphosting.v1beta.OperationMetadata","createTime":"2025-05-22T22:21:45.180446162Z","endTime":"2025-05-22T22:21:45.807913510Z","target":"projects/allaboutcar/locations/asia-east1/backends/allaboutcar-app","verb":"create","requestedCancellation":false,"apiVersion":"v1beta"},"done":true,"response":{"@type":"type.googleapis.com/google.firebase.apphosting.v1beta.Backend","name":"projects/allaboutcar/locations/asia-east1/backends/allaboutcar-app","createTime":"2025-05-22T22:21:45.175233922Z","updateTime":"2025-05-22T22:21:45.675134Z","labels":{"deployment-tool":"cli-firebase"},"uri":"allaboutcar-app--allaboutcar.asia-east1.hosted.app","uid":"2bf62e6e-42dc-4906-9b2c-10afc7eb2a56","etag":"RRr2MboEa6yKC0wmDHyM12ZEYHqCsj5OqX-_aF8LeYo","reconciling":false,"servingLocality":"GLOBAL_ACCESS","serviceAccount":"firebase-app-hosting-compute@allaboutcar.iam.gserviceaccount.com","appId":"1:882288257378:web:a4d2c4ac70085feb83643b"}}
[info] i  === Deploy local source setup 
